[main] 2021-08-14 11:53:30 INFO  com.revature.Main  - Welcome to Hari's Player App
[main] 2021-08-14 11:53:30 INFO  com.revature.Main  - =====================================
[main] 2021-08-14 11:53:30 INFO  com.revature.Main  - 
What you wish to do today?
[main] 2021-08-14 11:53:30 INFO  com.revature.Main  - 1)Create a player
[main] 2021-08-14 11:53:30 INFO  com.revature.Main  - 2)Update a player
[main] 2021-08-14 11:53:30 INFO  com.revature.Main  - 3)Delete a player
[main] 2021-08-14 11:53:30 INFO  com.revature.Main  - 4)List all players
[main] 2021-08-14 11:53:30 INFO  com.revature.Main  - 5)Search the players with filters
[main] 2021-08-14 11:53:30 INFO  com.revature.Main  - 6)EXIT
[main] 2021-08-14 11:54:31 INFO  com.revature.Main  - Welcome to Hari's Player App
[main] 2021-08-14 11:54:31 INFO  com.revature.Main  - ===================================
[main] 2021-08-14 11:54:31 INFO  com.revature.Main  - 
What you wish to do today?
[main] 2021-08-14 11:54:31 INFO  com.revature.Main  - 1)Create a player
[main] 2021-08-14 11:54:31 INFO  com.revature.Main  - 2)Update a player
[main] 2021-08-14 11:54:31 INFO  com.revature.Main  - 3)Delete a player
[main] 2021-08-14 11:54:31 INFO  com.revature.Main  - 4)List all players
[main] 2021-08-14 11:54:31 INFO  com.revature.Main  - 5)Search the players with filters
[main] 2021-08-14 11:54:31 INFO  com.revature.Main  - 6)EXIT
[main] 2021-08-14 11:54:35 INFO  com.revature.Main  - 
What you wish to do today?
[main] 2021-08-14 11:54:35 INFO  com.revature.Main  - 1)Create a player
[main] 2021-08-14 11:54:35 INFO  com.revature.Main  - 2)Update a player
[main] 2021-08-14 11:54:35 INFO  com.revature.Main  - 3)Delete a player
[main] 2021-08-14 11:54:35 INFO  com.revature.Main  - 4)List all players
[main] 2021-08-14 11:54:35 INFO  com.revature.Main  - 5)Search the players with filters
[main] 2021-08-14 11:54:35 INFO  com.revature.Main  - 6)EXIT
[main] 2021-08-14 11:54:45 INFO  com.revature.Main  - 
What you wish to do today?
[main] 2021-08-14 11:54:45 INFO  com.revature.Main  - 1)Create a player
[main] 2021-08-14 11:54:45 INFO  com.revature.Main  - 2)Update a player
[main] 2021-08-14 11:54:45 INFO  com.revature.Main  - 3)Delete a player
[main] 2021-08-14 11:54:45 INFO  com.revature.Main  - 4)List all players
[main] 2021-08-14 11:54:45 INFO  com.revature.Main  - 5)Search the players with filters
[main] 2021-08-14 11:54:45 INFO  com.revature.Main  - 6)EXIT
[main] 2021-08-14 11:55:53 INFO  com.revature.Main  - Welcome to Hari's Player App
[main] 2021-08-14 11:55:53 INFO  com.revature.Main  - ===================================
[main] 2021-08-14 11:55:53 INFO  com.revature.Main  - 
What you wish to do today?
[main] 2021-08-14 11:55:53 INFO  com.revature.Main  - 1)Create a player
[main] 2021-08-14 11:55:53 INFO  com.revature.Main  - 2)Update a player
[main] 2021-08-14 11:55:53 INFO  com.revature.Main  - 3)Delete a player
[main] 2021-08-14 11:55:53 INFO  com.revature.Main  - 4)List all players
[main] 2021-08-14 11:55:53 INFO  com.revature.Main  - 5)Search the players with filters
[main] 2021-08-14 11:55:53 INFO  com.revature.Main  - 6)EXIT
[main] 2021-08-14 11:55:56 INFO  com.revature.Main  - Under construction
[main] 2021-08-14 11:55:56 INFO  com.revature.Main  - 
What you wish to do today?
[main] 2021-08-14 11:55:56 INFO  com.revature.Main  - 1)Create a player
[main] 2021-08-14 11:55:56 INFO  com.revature.Main  - 2)Update a player
[main] 2021-08-14 11:55:56 INFO  com.revature.Main  - 3)Delete a player
[main] 2021-08-14 11:55:56 INFO  com.revature.Main  - 4)List all players
[main] 2021-08-14 11:55:56 INFO  com.revature.Main  - 5)Search the players with filters
[main] 2021-08-14 11:55:56 INFO  com.revature.Main  - 6)EXIT
[main] 2021-08-14 11:55:59 INFO  com.revature.Main  - Thanks for using this APP :) 
[main] 2021-08-14 11:56:46 INFO  com.revature.Main  - Welcome to Hari's Player App
[main] 2021-08-14 11:56:46 INFO  com.revature.Main  - ===================================
[main] 2021-08-14 11:56:46 INFO  com.revature.Main  - 
What you wish to do today?
[main] 2021-08-14 11:56:46 INFO  com.revature.Main  - 1)Create a player
[main] 2021-08-14 11:56:46 INFO  com.revature.Main  - 2)Update a player
[main] 2021-08-14 11:56:46 INFO  com.revature.Main  - 3)Delete a player
[main] 2021-08-14 11:56:46 INFO  com.revature.Main  - 4)List all players
[main] 2021-08-14 11:56:46 INFO  com.revature.Main  - 5)Search the players with filters
[main] 2021-08-14 11:56:46 INFO  com.revature.Main  - 6)EXIT
[main] 2021-08-14 11:56:50 WARN  com.revature.Main  - Invalid choise.... Choise should be numbers and 1-6 only
[main] 2021-08-14 11:56:50 INFO  com.revature.Main  - 
What you wish to do today?
[main] 2021-08-14 11:56:50 INFO  com.revature.Main  - 1)Create a player
[main] 2021-08-14 11:56:50 INFO  com.revature.Main  - 2)Update a player
[main] 2021-08-14 11:56:50 INFO  com.revature.Main  - 3)Delete a player
[main] 2021-08-14 11:56:50 INFO  com.revature.Main  - 4)List all players
[main] 2021-08-14 11:56:50 INFO  com.revature.Main  - 5)Search the players with filters
[main] 2021-08-14 11:56:50 INFO  com.revature.Main  - 6)EXIT
[main] 2021-08-14 11:56:52 INFO  com.revature.Main  - Under construction
[main] 2021-08-14 11:56:52 INFO  com.revature.Main  - 
What you wish to do today?
[main] 2021-08-14 11:56:52 INFO  com.revature.Main  - 1)Create a player
[main] 2021-08-14 11:56:52 INFO  com.revature.Main  - 2)Update a player
[main] 2021-08-14 11:56:52 INFO  com.revature.Main  - 3)Delete a player
[main] 2021-08-14 11:56:52 INFO  com.revature.Main  - 4)List all players
[main] 2021-08-14 11:56:52 INFO  com.revature.Main  - 5)Search the players with filters
[main] 2021-08-14 11:56:52 INFO  com.revature.Main  - 6)EXIT
[main] 2021-08-14 11:56:54 WARN  com.revature.Main  - Invalid choise.... Choise should be numbers and 1-6 only
[main] 2021-08-14 11:56:54 INFO  com.revature.Main  - 
What you wish to do today?
[main] 2021-08-14 11:56:54 INFO  com.revature.Main  - 1)Create a player
[main] 2021-08-14 11:56:54 INFO  com.revature.Main  - 2)Update a player
[main] 2021-08-14 11:56:54 INFO  com.revature.Main  - 3)Delete a player
[main] 2021-08-14 11:56:54 INFO  com.revature.Main  - 4)List all players
[main] 2021-08-14 11:56:54 INFO  com.revature.Main  - 5)Search the players with filters
[main] 2021-08-14 11:56:54 INFO  com.revature.Main  - 6)EXIT
[main] 2021-08-14 11:56:56 WARN  com.revature.Main  - Invalid choise.... Choise should be numbers and 1-6 only
[main] 2021-08-14 11:56:56 INFO  com.revature.Main  - 
What you wish to do today?
[main] 2021-08-14 11:56:56 INFO  com.revature.Main  - 1)Create a player
[main] 2021-08-14 11:56:56 INFO  com.revature.Main  - 2)Update a player
[main] 2021-08-14 11:56:56 INFO  com.revature.Main  - 3)Delete a player
[main] 2021-08-14 11:56:56 INFO  com.revature.Main  - 4)List all players
[main] 2021-08-14 11:56:56 INFO  com.revature.Main  - 5)Search the players with filters
[main] 2021-08-14 11:56:56 INFO  com.revature.Main  - 6)EXIT
[main] 2021-08-14 11:56:57 INFO  com.revature.Main  - Thanks for using this APP :) 
[main] 2021-08-14 12:34:39 INFO  com.revature.Main  - Welcome to Hari's Player App
[main] 2021-08-14 12:34:39 INFO  com.revature.Main  - ===================================
[main] 2021-08-14 12:34:39 INFO  com.revature.Main  - 
What you wish to do today?
[main] 2021-08-14 12:34:39 INFO  com.revature.Main  - 1)Create a player
[main] 2021-08-14 12:34:39 INFO  com.revature.Main  - 2)Update a player
[main] 2021-08-14 12:34:39 INFO  com.revature.Main  - 3)Delete a player
[main] 2021-08-14 12:34:39 INFO  com.revature.Main  - 4)List all players
[main] 2021-08-14 12:34:39 INFO  com.revature.Main  - 5)Search the players with filters
[main] 2021-08-14 12:34:39 INFO  com.revature.Main  - 6)EXIT
[main] 2021-08-14 12:34:39 INFO  com.revature.Main  - Please enter your choice 1-6 only
[main] 2021-08-14 12:34:43 INFO  com.revature.Main  - 

Welcome to players search menu... Search the player by using the below filters
[main] 2021-08-14 12:34:43 INFO  com.revature.Main  - 1. By player Id
[main] 2021-08-14 12:34:43 INFO  com.revature.Main  - 2. By player Name
[main] 2021-08-14 12:34:43 INFO  com.revature.Main  - 3. By player Age
[main] 2021-08-14 12:34:43 INFO  com.revature.Main  - 4. By player Gender
[main] 2021-08-14 12:34:43 INFO  com.revature.Main  - 5. By player City
[main] 2021-08-14 12:34:43 INFO  com.revature.Main  - 6. By player Sports Name
[main] 2021-08-14 12:34:43 INFO  com.revature.Main  - 7. By player Contact
[main] 2021-08-14 12:34:43 INFO  com.revature.Main  - 8. By player Team Name
[main] 2021-08-14 12:34:43 INFO  com.revature.Main  - 9. Go back to Main menu
[main] 2021-08-14 12:34:43 INFO  com.revature.Main  - Please enter your choice 1-9 only
[main] 2021-08-14 12:34:47 INFO  com.revature.Main  - 

Going back to the Main menu


[main] 2021-08-14 12:34:47 INFO  com.revature.Main  - 
What you wish to do today?
[main] 2021-08-14 12:34:47 INFO  com.revature.Main  - 1)Create a player
[main] 2021-08-14 12:34:47 INFO  com.revature.Main  - 2)Update a player
[main] 2021-08-14 12:34:47 INFO  com.revature.Main  - 3)Delete a player
[main] 2021-08-14 12:34:47 INFO  com.revature.Main  - 4)List all players
[main] 2021-08-14 12:34:47 INFO  com.revature.Main  - 5)Search the players with filters
[main] 2021-08-14 12:34:47 INFO  com.revature.Main  - 6)EXIT
[main] 2021-08-14 12:34:47 INFO  com.revature.Main  - Please enter your choice 1-6 only
[main] 2021-08-14 12:34:49 INFO  com.revature.Main  - Under construction
[main] 2021-08-14 12:34:49 INFO  com.revature.Main  - 
What you wish to do today?
[main] 2021-08-14 12:34:49 INFO  com.revature.Main  - 1)Create a player
[main] 2021-08-14 12:34:49 INFO  com.revature.Main  - 2)Update a player
[main] 2021-08-14 12:34:49 INFO  com.revature.Main  - 3)Delete a player
[main] 2021-08-14 12:34:49 INFO  com.revature.Main  - 4)List all players
[main] 2021-08-14 12:34:49 INFO  com.revature.Main  - 5)Search the players with filters
[main] 2021-08-14 12:34:49 INFO  com.revature.Main  - 6)EXIT
[main] 2021-08-14 12:34:49 INFO  com.revature.Main  - Please enter your choice 1-6 only
[main] 2021-08-15 11:57:55 INFO  com.revature.Main  - Welcome to Hari's Player App
[main] 2021-08-15 11:57:55 INFO  com.revature.Main  - ===================================
[main] 2021-08-15 11:57:55 INFO  com.revature.Main  - 
What you wish to do today?
[main] 2021-08-15 11:57:55 INFO  com.revature.Main  - 1)Create a player
[main] 2021-08-15 11:57:55 INFO  com.revature.Main  - 2)Update a player
[main] 2021-08-15 11:57:55 INFO  com.revature.Main  - 3)Delete a player
[main] 2021-08-15 11:57:55 INFO  com.revature.Main  - 4)List all players
[main] 2021-08-15 11:57:55 INFO  com.revature.Main  - 5)Search the players with filters
[main] 2021-08-15 11:57:55 INFO  com.revature.Main  - 6)EXIT
[main] 2021-08-15 11:57:55 INFO  com.revature.Main  - Please enter your choice 1-6 only
[main] 2021-08-15 11:58:01 INFO  com.revature.Main  - 

Welcome to players search menu... Search the player by using the below filters
[main] 2021-08-15 11:58:01 INFO  com.revature.Main  - 1. By player Id
[main] 2021-08-15 11:58:01 INFO  com.revature.Main  - 2. By player Name
[main] 2021-08-15 11:58:01 INFO  com.revature.Main  - 3. By player Age
[main] 2021-08-15 11:58:01 INFO  com.revature.Main  - 4. By player Gender
[main] 2021-08-15 11:58:01 INFO  com.revature.Main  - 5. By player City
[main] 2021-08-15 11:58:01 INFO  com.revature.Main  - 6. By player Sports Name
[main] 2021-08-15 11:58:01 INFO  com.revature.Main  - 7. By player Contact
[main] 2021-08-15 11:58:01 INFO  com.revature.Main  - 8. By player Team Name
[main] 2021-08-15 11:58:01 INFO  com.revature.Main  - 9. Go back to Main menu
[main] 2021-08-15 11:58:01 INFO  com.revature.Main  - Please enter your choice 1-9 only
[main] 2021-08-15 11:58:03 INFO  com.revature.Main  - Enter player id to get the player details
[main] 2021-08-15 11:58:11 ERROR com.revature.dao.impl.PlayerSearchDAOImpl  - java.sql.SQLIntegrityConstraintViolationException: Column 'id' in field list is ambiguous
[main] 2021-08-15 11:58:11 WARN  com.revature.Main  - Internal error occured, Please contact admin
[main] 2021-08-15 11:58:11 INFO  com.revature.Main  - 

Welcome to players search menu... Search the player by using the below filters
[main] 2021-08-15 11:58:11 INFO  com.revature.Main  - 1. By player Id
[main] 2021-08-15 11:58:11 INFO  com.revature.Main  - 2. By player Name
[main] 2021-08-15 11:58:11 INFO  com.revature.Main  - 3. By player Age
[main] 2021-08-15 11:58:11 INFO  com.revature.Main  - 4. By player Gender
[main] 2021-08-15 11:58:11 INFO  com.revature.Main  - 5. By player City
[main] 2021-08-15 11:58:11 INFO  com.revature.Main  - 6. By player Sports Name
[main] 2021-08-15 11:58:11 INFO  com.revature.Main  - 7. By player Contact
[main] 2021-08-15 11:58:11 INFO  com.revature.Main  - 8. By player Team Name
[main] 2021-08-15 11:58:11 INFO  com.revature.Main  - 9. Go back to Main menu
[main] 2021-08-15 11:58:11 INFO  com.revature.Main  - Please enter your choice 1-9 only
[main] 2021-08-15 11:59:37 INFO  com.revature.Main  - Welcome to Hari's Player App
[main] 2021-08-15 11:59:37 INFO  com.revature.Main  - ===================================
[main] 2021-08-15 11:59:37 INFO  com.revature.Main  - 
What you wish to do today?
[main] 2021-08-15 11:59:37 INFO  com.revature.Main  - 1)Create a player
[main] 2021-08-15 11:59:37 INFO  com.revature.Main  - 2)Update a player
[main] 2021-08-15 11:59:37 INFO  com.revature.Main  - 3)Delete a player
[main] 2021-08-15 11:59:37 INFO  com.revature.Main  - 4)List all players
[main] 2021-08-15 11:59:37 INFO  com.revature.Main  - 5)Search the players with filters
[main] 2021-08-15 11:59:37 INFO  com.revature.Main  - 6)EXIT
[main] 2021-08-15 11:59:37 INFO  com.revature.Main  - Please enter your choice 1-6 only
[main] 2021-08-15 11:59:42 INFO  com.revature.Main  - 

Welcome to players search menu... Search the player by using the below filters
[main] 2021-08-15 11:59:42 INFO  com.revature.Main  - 1. By player Id
[main] 2021-08-15 11:59:42 INFO  com.revature.Main  - 2. By player Name
[main] 2021-08-15 11:59:42 INFO  com.revature.Main  - 3. By player Age
[main] 2021-08-15 11:59:42 INFO  com.revature.Main  - 4. By player Gender
[main] 2021-08-15 11:59:42 INFO  com.revature.Main  - 5. By player City
[main] 2021-08-15 11:59:42 INFO  com.revature.Main  - 6. By player Sports Name
[main] 2021-08-15 11:59:42 INFO  com.revature.Main  - 7. By player Contact
[main] 2021-08-15 11:59:42 INFO  com.revature.Main  - 8. By player Team Name
[main] 2021-08-15 11:59:42 INFO  com.revature.Main  - 9. Go back to Main menu
[main] 2021-08-15 11:59:42 INFO  com.revature.Main  - Please enter your choice 1-9 only
[main] 2021-08-15 11:59:44 INFO  com.revature.Main  - Enter player id to get the player details
[main] 2021-08-15 11:59:48 ERROR com.revature.dao.impl.PlayerSearchDAOImpl  - java.sql.SQLIntegrityConstraintViolationException: Column 'id' in field list is ambiguous
[main] 2021-08-15 11:59:48 WARN  com.revature.Main  - Internal error occured, Please contact admin
[main] 2021-08-15 11:59:48 INFO  com.revature.Main  - 

Welcome to players search menu... Search the player by using the below filters
[main] 2021-08-15 11:59:48 INFO  com.revature.Main  - 1. By player Id
[main] 2021-08-15 11:59:48 INFO  com.revature.Main  - 2. By player Name
[main] 2021-08-15 11:59:48 INFO  com.revature.Main  - 3. By player Age
[main] 2021-08-15 11:59:48 INFO  com.revature.Main  - 4. By player Gender
[main] 2021-08-15 11:59:48 INFO  com.revature.Main  - 5. By player City
[main] 2021-08-15 11:59:48 INFO  com.revature.Main  - 6. By player Sports Name
[main] 2021-08-15 11:59:48 INFO  com.revature.Main  - 7. By player Contact
[main] 2021-08-15 11:59:48 INFO  com.revature.Main  - 8. By player Team Name
[main] 2021-08-15 11:59:48 INFO  com.revature.Main  - 9. Go back to Main menu
[main] 2021-08-15 11:59:48 INFO  com.revature.Main  - Please enter your choice 1-9 only
[main] 2021-08-15 12:00:21 INFO  com.revature.Main  - Welcome to Hari's Player App
[main] 2021-08-15 12:00:21 INFO  com.revature.Main  - ===================================
[main] 2021-08-15 12:00:21 INFO  com.revature.Main  - 
What you wish to do today?
[main] 2021-08-15 12:00:21 INFO  com.revature.Main  - 1)Create a player
[main] 2021-08-15 12:00:21 INFO  com.revature.Main  - 2)Update a player
[main] 2021-08-15 12:00:21 INFO  com.revature.Main  - 3)Delete a player
[main] 2021-08-15 12:00:21 INFO  com.revature.Main  - 4)List all players
[main] 2021-08-15 12:00:21 INFO  com.revature.Main  - 5)Search the players with filters
[main] 2021-08-15 12:00:21 INFO  com.revature.Main  - 6)EXIT
[main] 2021-08-15 12:00:21 INFO  com.revature.Main  - Please enter your choice 1-6 only
[main] 2021-08-15 12:00:24 INFO  com.revature.Main  - 

Welcome to players search menu... Search the player by using the below filters
[main] 2021-08-15 12:00:24 INFO  com.revature.Main  - 1. By player Id
[main] 2021-08-15 12:00:24 INFO  com.revature.Main  - 2. By player Name
[main] 2021-08-15 12:00:24 INFO  com.revature.Main  - 3. By player Age
[main] 2021-08-15 12:00:24 INFO  com.revature.Main  - 4. By player Gender
[main] 2021-08-15 12:00:24 INFO  com.revature.Main  - 5. By player City
[main] 2021-08-15 12:00:24 INFO  com.revature.Main  - 6. By player Sports Name
[main] 2021-08-15 12:00:24 INFO  com.revature.Main  - 7. By player Contact
[main] 2021-08-15 12:00:24 INFO  com.revature.Main  - 8. By player Team Name
[main] 2021-08-15 12:00:24 INFO  com.revature.Main  - 9. Go back to Main menu
[main] 2021-08-15 12:00:24 INFO  com.revature.Main  - Please enter your choice 1-9 only
[main] 2021-08-15 12:00:25 INFO  com.revature.Main  - Enter player id to get the player details
[main] 2021-08-15 12:00:29 ERROR com.revature.dao.impl.PlayerSearchDAOImpl  - java.sql.SQLIntegrityConstraintViolationException: Column 'id' in field list is ambiguous
[main] 2021-08-15 12:00:29 WARN  com.revature.Main  - Internal error occured, Please contact admin
[main] 2021-08-15 12:00:29 INFO  com.revature.Main  - 

Welcome to players search menu... Search the player by using the below filters
[main] 2021-08-15 12:00:29 INFO  com.revature.Main  - 1. By player Id
[main] 2021-08-15 12:00:29 INFO  com.revature.Main  - 2. By player Name
[main] 2021-08-15 12:00:29 INFO  com.revature.Main  - 3. By player Age
[main] 2021-08-15 12:00:29 INFO  com.revature.Main  - 4. By player Gender
[main] 2021-08-15 12:00:29 INFO  com.revature.Main  - 5. By player City
[main] 2021-08-15 12:00:29 INFO  com.revature.Main  - 6. By player Sports Name
[main] 2021-08-15 12:00:29 INFO  com.revature.Main  - 7. By player Contact
[main] 2021-08-15 12:00:29 INFO  com.revature.Main  - 8. By player Team Name
[main] 2021-08-15 12:00:29 INFO  com.revature.Main  - 9. Go back to Main menu
[main] 2021-08-15 12:00:29 INFO  com.revature.Main  - Please enter your choice 1-9 only
[main] 2021-08-15 12:01:01 INFO  com.revature.Main  - Welcome to Hari's Player App
[main] 2021-08-15 12:01:01 INFO  com.revature.Main  - ===================================
[main] 2021-08-15 12:01:01 INFO  com.revature.Main  - 
What you wish to do today?
[main] 2021-08-15 12:01:01 INFO  com.revature.Main  - 1)Create a player
[main] 2021-08-15 12:01:01 INFO  com.revature.Main  - 2)Update a player
[main] 2021-08-15 12:01:01 INFO  com.revature.Main  - 3)Delete a player
[main] 2021-08-15 12:01:01 INFO  com.revature.Main  - 4)List all players
[main] 2021-08-15 12:01:01 INFO  com.revature.Main  - 5)Search the players with filters
[main] 2021-08-15 12:01:01 INFO  com.revature.Main  - 6)EXIT
[main] 2021-08-15 12:01:01 INFO  com.revature.Main  - Please enter your choice 1-6 only
[main] 2021-08-15 12:01:03 INFO  com.revature.Main  - 

Welcome to players search menu... Search the player by using the below filters
[main] 2021-08-15 12:01:03 INFO  com.revature.Main  - 1. By player Id
[main] 2021-08-15 12:01:03 INFO  com.revature.Main  - 2. By player Name
[main] 2021-08-15 12:01:03 INFO  com.revature.Main  - 3. By player Age
[main] 2021-08-15 12:01:03 INFO  com.revature.Main  - 4. By player Gender
[main] 2021-08-15 12:01:03 INFO  com.revature.Main  - 5. By player City
[main] 2021-08-15 12:01:03 INFO  com.revature.Main  - 6. By player Sports Name
[main] 2021-08-15 12:01:03 INFO  com.revature.Main  - 7. By player Contact
[main] 2021-08-15 12:01:03 INFO  com.revature.Main  - 8. By player Team Name
[main] 2021-08-15 12:01:03 INFO  com.revature.Main  - 9. Go back to Main menu
[main] 2021-08-15 12:01:03 INFO  com.revature.Main  - Please enter your choice 1-9 only
[main] 2021-08-15 12:01:04 INFO  com.revature.Main  - Enter player id to get the player details
[main] 2021-08-15 12:01:07 INFO  com.revature.Main  - Enterd player id 100 is found successfully
[main] 2021-08-15 12:01:07 INFO  com.revature.Main  - Player [id=100, name=Sachin, age=44, gender=M, city=Mumbai, sportsName=Cricket, contact=7777777777, team=Team [id=1, teamName=India]]
[main] 2021-08-15 12:01:07 INFO  com.revature.Main  - 

Welcome to players search menu... Search the player by using the below filters
[main] 2021-08-15 12:01:07 INFO  com.revature.Main  - 1. By player Id
[main] 2021-08-15 12:01:07 INFO  com.revature.Main  - 2. By player Name
[main] 2021-08-15 12:01:07 INFO  com.revature.Main  - 3. By player Age
[main] 2021-08-15 12:01:07 INFO  com.revature.Main  - 4. By player Gender
[main] 2021-08-15 12:01:07 INFO  com.revature.Main  - 5. By player City
[main] 2021-08-15 12:01:07 INFO  com.revature.Main  - 6. By player Sports Name
[main] 2021-08-15 12:01:07 INFO  com.revature.Main  - 7. By player Contact
[main] 2021-08-15 12:01:07 INFO  com.revature.Main  - 8. By player Team Name
[main] 2021-08-15 12:01:07 INFO  com.revature.Main  - 9. Go back to Main menu
[main] 2021-08-15 12:01:07 INFO  com.revature.Main  - Please enter your choice 1-9 only
[main] 2021-08-15 12:01:40 INFO  com.revature.Main  - Welcome to Hari's Player App
[main] 2021-08-15 12:01:40 INFO  com.revature.Main  - ===================================
[main] 2021-08-15 12:01:40 INFO  com.revature.Main  - 
What you wish to do today?
[main] 2021-08-15 12:01:40 INFO  com.revature.Main  - 1)Create a player
[main] 2021-08-15 12:01:40 INFO  com.revature.Main  - 2)Update a player
[main] 2021-08-15 12:01:40 INFO  com.revature.Main  - 3)Delete a player
[main] 2021-08-15 12:01:40 INFO  com.revature.Main  - 4)List all players
[main] 2021-08-15 12:01:40 INFO  com.revature.Main  - 5)Search the players with filters
[main] 2021-08-15 12:01:40 INFO  com.revature.Main  - 6)EXIT
[main] 2021-08-15 12:01:40 INFO  com.revature.Main  - Please enter your choice 1-6 only
[main] 2021-08-15 12:01:41 INFO  com.revature.Main  - 

Welcome to players search menu... Search the player by using the below filters
[main] 2021-08-15 12:01:41 INFO  com.revature.Main  - 1. By player Id
[main] 2021-08-15 12:01:41 INFO  com.revature.Main  - 2. By player Name
[main] 2021-08-15 12:01:41 INFO  com.revature.Main  - 3. By player Age
[main] 2021-08-15 12:01:41 INFO  com.revature.Main  - 4. By player Gender
[main] 2021-08-15 12:01:41 INFO  com.revature.Main  - 5. By player City
[main] 2021-08-15 12:01:41 INFO  com.revature.Main  - 6. By player Sports Name
[main] 2021-08-15 12:01:41 INFO  com.revature.Main  - 7. By player Contact
[main] 2021-08-15 12:01:41 INFO  com.revature.Main  - 8. By player Team Name
[main] 2021-08-15 12:01:41 INFO  com.revature.Main  - 9. Go back to Main menu
[main] 2021-08-15 12:01:41 INFO  com.revature.Main  - Please enter your choice 1-9 only
[main] 2021-08-15 12:01:42 INFO  com.revature.Main  - Enter player id to get the player details
[main] 2021-08-15 12:01:45 WARN  com.revature.Main  - Invalid Player ID -10
[main] 2021-08-15 12:01:45 INFO  com.revature.Main  - 

Welcome to players search menu... Search the player by using the below filters
[main] 2021-08-15 12:01:45 INFO  com.revature.Main  - 1. By player Id
[main] 2021-08-15 12:01:45 INFO  com.revature.Main  - 2. By player Name
[main] 2021-08-15 12:01:45 INFO  com.revature.Main  - 3. By player Age
[main] 2021-08-15 12:01:45 INFO  com.revature.Main  - 4. By player Gender
[main] 2021-08-15 12:01:45 INFO  com.revature.Main  - 5. By player City
[main] 2021-08-15 12:01:45 INFO  com.revature.Main  - 6. By player Sports Name
[main] 2021-08-15 12:01:45 INFO  com.revature.Main  - 7. By player Contact
[main] 2021-08-15 12:01:45 INFO  com.revature.Main  - 8. By player Team Name
[main] 2021-08-15 12:01:45 INFO  com.revature.Main  - 9. Go back to Main menu
[main] 2021-08-15 12:01:45 INFO  com.revature.Main  - Please enter your choice 1-9 only
[main] 2021-08-15 12:01:53 INFO  com.revature.Main  - Enter player id to get the player details
[main] 2021-08-15 12:02:03 WARN  com.revature.Main  - Entered player ID 1000 doesn't exists
[main] 2021-08-15 12:02:03 INFO  com.revature.Main  - 

Welcome to players search menu... Search the player by using the below filters
[main] 2021-08-15 12:02:03 INFO  com.revature.Main  - 1. By player Id
[main] 2021-08-15 12:02:03 INFO  com.revature.Main  - 2. By player Name
[main] 2021-08-15 12:02:03 INFO  com.revature.Main  - 3. By player Age
[main] 2021-08-15 12:02:03 INFO  com.revature.Main  - 4. By player Gender
[main] 2021-08-15 12:02:03 INFO  com.revature.Main  - 5. By player City
[main] 2021-08-15 12:02:03 INFO  com.revature.Main  - 6. By player Sports Name
[main] 2021-08-15 12:02:03 INFO  com.revature.Main  - 7. By player Contact
[main] 2021-08-15 12:02:03 INFO  com.revature.Main  - 8. By player Team Name
[main] 2021-08-15 12:02:03 INFO  com.revature.Main  - 9. Go back to Main menu
[main] 2021-08-15 12:02:03 INFO  com.revature.Main  - Please enter your choice 1-9 only
[main] 2021-08-15 12:02:11 INFO  com.revature.Main  - Enter player id to get the player details
[main] 2021-08-15 12:02:13 INFO  com.revature.Main  - Enterd player id 103 is found successfully
[main] 2021-08-15 12:02:13 INFO  com.revature.Main  - Player [id=103, name=Sindhu, age=30, gender=F, city=Hyderabad, sportsName=Shuttle, contact=3333333333, team=Team [id=1, teamName=India]]
[main] 2021-08-15 12:02:13 INFO  com.revature.Main  - 

Welcome to players search menu... Search the player by using the below filters
[main] 2021-08-15 12:02:13 INFO  com.revature.Main  - 1. By player Id
[main] 2021-08-15 12:02:13 INFO  com.revature.Main  - 2. By player Name
[main] 2021-08-15 12:02:13 INFO  com.revature.Main  - 3. By player Age
[main] 2021-08-15 12:02:13 INFO  com.revature.Main  - 4. By player Gender
[main] 2021-08-15 12:02:13 INFO  com.revature.Main  - 5. By player City
[main] 2021-08-15 12:02:13 INFO  com.revature.Main  - 6. By player Sports Name
[main] 2021-08-15 12:02:13 INFO  com.revature.Main  - 7. By player Contact
[main] 2021-08-15 12:02:13 INFO  com.revature.Main  - 8. By player Team Name
[main] 2021-08-15 12:02:13 INFO  com.revature.Main  - 9. Go back to Main menu
[main] 2021-08-15 12:02:13 INFO  com.revature.Main  - Please enter your choice 1-9 only
[main] 2021-08-15 12:41:35 INFO  com.revature.Main  - Welcome to Hari's Player App
[main] 2021-08-15 12:41:35 INFO  com.revature.Main  - ===================================
[main] 2021-08-15 12:41:35 INFO  com.revature.Main  - 
What you wish to do today?
[main] 2021-08-15 12:41:35 INFO  com.revature.Main  - 1)Create a player
[main] 2021-08-15 12:41:35 INFO  com.revature.Main  - 2)Update a player
[main] 2021-08-15 12:41:35 INFO  com.revature.Main  - 3)Delete a player
[main] 2021-08-15 12:41:35 INFO  com.revature.Main  - 4)List all players
[main] 2021-08-15 12:41:35 INFO  com.revature.Main  - 5)Search the players with filters
[main] 2021-08-15 12:41:35 INFO  com.revature.Main  - 6)EXIT
[main] 2021-08-15 12:41:35 INFO  com.revature.Main  - Please enter your choice 1-6 only
[main] 2021-08-15 12:41:38 INFO  com.revature.Main  - 

Welcome to players search menu... Search the player by using the below filters
[main] 2021-08-15 12:41:38 INFO  com.revature.Main  - 1. By player Id
[main] 2021-08-15 12:41:38 INFO  com.revature.Main  - 2. By player Name
[main] 2021-08-15 12:41:38 INFO  com.revature.Main  - 3. By player Age
[main] 2021-08-15 12:41:38 INFO  com.revature.Main  - 4. By player Gender
[main] 2021-08-15 12:41:38 INFO  com.revature.Main  - 5. By player City
[main] 2021-08-15 12:41:38 INFO  com.revature.Main  - 6. By player Sports Name
[main] 2021-08-15 12:41:38 INFO  com.revature.Main  - 7. By player Contact
[main] 2021-08-15 12:41:38 INFO  com.revature.Main  - 8. By player Team Name
[main] 2021-08-15 12:41:38 INFO  com.revature.Main  - 9. Go back to Main menu
[main] 2021-08-15 12:41:38 INFO  com.revature.Main  - Please enter your choice 1-9 only
[main] 2021-08-15 12:41:42 INFO  com.revature.Main  - Enter the team name to get the player detials for that team
[main] 2021-08-15 12:43:41 INFO  com.revature.Main  - Welcome to Hari's Player App
[main] 2021-08-15 12:43:41 INFO  com.revature.Main  - ===================================
[main] 2021-08-15 12:43:41 INFO  com.revature.Main  - 
What you wish to do today?
[main] 2021-08-15 12:43:41 INFO  com.revature.Main  - 1)Create a player
[main] 2021-08-15 12:43:41 INFO  com.revature.Main  - 2)Update a player
[main] 2021-08-15 12:43:41 INFO  com.revature.Main  - 3)Delete a player
[main] 2021-08-15 12:43:41 INFO  com.revature.Main  - 4)List all players
[main] 2021-08-15 12:43:41 INFO  com.revature.Main  - 5)Search the players with filters
[main] 2021-08-15 12:43:41 INFO  com.revature.Main  - 6)EXIT
[main] 2021-08-15 12:43:41 INFO  com.revature.Main  - Please enter your choice 1-6 only
[main] 2021-08-15 12:43:43 INFO  com.revature.Main  - 

Welcome to players search menu... Search the player by using the below filters
[main] 2021-08-15 12:43:43 INFO  com.revature.Main  - 1. By player Id
[main] 2021-08-15 12:43:43 INFO  com.revature.Main  - 2. By player Name
[main] 2021-08-15 12:43:43 INFO  com.revature.Main  - 3. By player Age
[main] 2021-08-15 12:43:43 INFO  com.revature.Main  - 4. By player Gender
[main] 2021-08-15 12:43:43 INFO  com.revature.Main  - 5. By player City
[main] 2021-08-15 12:43:43 INFO  com.revature.Main  - 6. By player Sports Name
[main] 2021-08-15 12:43:43 INFO  com.revature.Main  - 7. By player Contact
[main] 2021-08-15 12:43:43 INFO  com.revature.Main  - 8. By player Team Name
[main] 2021-08-15 12:43:43 INFO  com.revature.Main  - 9. Go back to Main menu
[main] 2021-08-15 12:43:43 INFO  com.revature.Main  - Please enter your choice 1-9 only
[main] 2021-08-15 12:43:47 INFO  com.revature.Main  - Enter the team name to get the player detials for that team
[main] 2021-08-15 12:43:52 INFO  com.revature.Main  - Total there are 4 players for this team INDIA
[main] 2021-08-15 12:43:52 INFO  com.revature.Main  - Player [id=100, name=Sachin, age=44, gender=M, city=Mumbai, sportsName=Cricket, contact=7777777777, team=Team [id=1, teamName=India]]
[main] 2021-08-15 12:43:52 INFO  com.revature.Main  - Player [id=101, name=Ms Dhoni, age=35, gender=M, city=Ranchi, sportsName=Cricket, contact=6666666666, team=Team [id=1, teamName=India]]
[main] 2021-08-15 12:43:52 INFO  com.revature.Main  - Player [id=103, name=Sindhu, age=30, gender=F, city=Hyderabad, sportsName=Shuttle, contact=3333333333, team=Team [id=1, teamName=India]]
[main] 2021-08-15 12:43:52 INFO  com.revature.Main  - Player [id=104, name=Neeraj, age=32, gender=M, city=Haryana, sportsName=Athlete, contact=812345678, team=Team [id=1, teamName=India]]
[main] 2021-08-15 12:43:52 INFO  com.revature.Main  - 

Welcome to players search menu... Search the player by using the below filters
[main] 2021-08-15 12:43:52 INFO  com.revature.Main  - 1. By player Id
[main] 2021-08-15 12:43:52 INFO  com.revature.Main  - 2. By player Name
[main] 2021-08-15 12:43:52 INFO  com.revature.Main  - 3. By player Age
[main] 2021-08-15 12:43:52 INFO  com.revature.Main  - 4. By player Gender
[main] 2021-08-15 12:43:52 INFO  com.revature.Main  - 5. By player City
[main] 2021-08-15 12:43:52 INFO  com.revature.Main  - 6. By player Sports Name
[main] 2021-08-15 12:43:52 INFO  com.revature.Main  - 7. By player Contact
[main] 2021-08-15 12:43:52 INFO  com.revature.Main  - 8. By player Team Name
[main] 2021-08-15 12:43:52 INFO  com.revature.Main  - 9. Go back to Main menu
[main] 2021-08-15 12:43:52 INFO  com.revature.Main  - Please enter your choice 1-9 only
[main] 2021-08-15 12:44:28 INFO  com.revature.Main  - Enter the team name to get the player detials for that team
[main] 2021-08-15 12:44:33 WARN  com.revature.Main  - No players for this team windie
[main] 2021-08-15 12:44:33 INFO  com.revature.Main  - 

Welcome to players search menu... Search the player by using the below filters
[main] 2021-08-15 12:44:33 INFO  com.revature.Main  - 1. By player Id
[main] 2021-08-15 12:44:33 INFO  com.revature.Main  - 2. By player Name
[main] 2021-08-15 12:44:33 INFO  com.revature.Main  - 3. By player Age
[main] 2021-08-15 12:44:33 INFO  com.revature.Main  - 4. By player Gender
[main] 2021-08-15 12:44:33 INFO  com.revature.Main  - 5. By player City
[main] 2021-08-15 12:44:33 INFO  com.revature.Main  - 6. By player Sports Name
[main] 2021-08-15 12:44:33 INFO  com.revature.Main  - 7. By player Contact
[main] 2021-08-15 12:44:33 INFO  com.revature.Main  - 8. By player Team Name
[main] 2021-08-15 12:44:33 INFO  com.revature.Main  - 9. Go back to Main menu
[main] 2021-08-15 12:44:33 INFO  com.revature.Main  - Please enter your choice 1-9 only
[main] 2021-08-15 12:44:41 INFO  com.revature.Main  - Enter the team name to get the player detials for that team
[main] 2021-08-15 12:44:46 WARN  com.revature.Main  - No players for this team winidies
[main] 2021-08-15 12:44:46 INFO  com.revature.Main  - 

Welcome to players search menu... Search the player by using the below filters
[main] 2021-08-15 12:44:46 INFO  com.revature.Main  - 1. By player Id
[main] 2021-08-15 12:44:46 INFO  com.revature.Main  - 2. By player Name
[main] 2021-08-15 12:44:46 INFO  com.revature.Main  - 3. By player Age
[main] 2021-08-15 12:44:46 INFO  com.revature.Main  - 4. By player Gender
[main] 2021-08-15 12:44:46 INFO  com.revature.Main  - 5. By player City
[main] 2021-08-15 12:44:46 INFO  com.revature.Main  - 6. By player Sports Name
[main] 2021-08-15 12:44:46 INFO  com.revature.Main  - 7. By player Contact
[main] 2021-08-15 12:44:46 INFO  com.revature.Main  - 8. By player Team Name
[main] 2021-08-15 12:44:46 INFO  com.revature.Main  - 9. Go back to Main menu
[main] 2021-08-15 12:44:46 INFO  com.revature.Main  - Please enter your choice 1-9 only
[main] 2021-08-15 12:44:50 INFO  com.revature.Main  - Enter the team name to get the player detials for that team
[main] 2021-08-15 12:44:53 INFO  com.revature.Main  - Total there are 1 players for this team WINDIES
[main] 2021-08-15 12:44:53 INFO  com.revature.Main  - Player [id=105, name=Chris Gayle, age=41, gender=M, city=Windies, sportsName=Cricket, contact=9001234567, team=Team [id=5, teamName=Windies]]
[main] 2021-08-15 12:44:53 INFO  com.revature.Main  - 

Welcome to players search menu... Search the player by using the below filters
[main] 2021-08-15 12:44:53 INFO  com.revature.Main  - 1. By player Id
[main] 2021-08-15 12:44:53 INFO  com.revature.Main  - 2. By player Name
[main] 2021-08-15 12:44:53 INFO  com.revature.Main  - 3. By player Age
[main] 2021-08-15 12:44:53 INFO  com.revature.Main  - 4. By player Gender
[main] 2021-08-15 12:44:53 INFO  com.revature.Main  - 5. By player City
[main] 2021-08-15 12:44:53 INFO  com.revature.Main  - 6. By player Sports Name
[main] 2021-08-15 12:44:53 INFO  com.revature.Main  - 7. By player Contact
[main] 2021-08-15 12:44:53 INFO  com.revature.Main  - 8. By player Team Name
[main] 2021-08-15 12:44:53 INFO  com.revature.Main  - 9. Go back to Main menu
[main] 2021-08-15 12:44:53 INFO  com.revature.Main  - Please enter your choice 1-9 only
[main] 2021-08-16 09:58:36 INFO  com.revature.Main  - Welcome to Hari's Player App
[main] 2021-08-16 09:58:36 INFO  com.revature.Main  - ===================================
[main] 2021-08-16 09:58:36 INFO  com.revature.Main  - 
What you wish to do today?
[main] 2021-08-16 09:58:36 INFO  com.revature.Main  - 1)Create a player
[main] 2021-08-16 09:58:36 INFO  com.revature.Main  - 2)Update a player
[main] 2021-08-16 09:58:36 INFO  com.revature.Main  - 3)Delete a player
[main] 2021-08-16 09:58:36 INFO  com.revature.Main  - 4)List all players
[main] 2021-08-16 09:58:36 INFO  com.revature.Main  - 5)Search the players with filters
[main] 2021-08-16 09:58:36 INFO  com.revature.Main  - 6)EXIT
[main] 2021-08-16 09:58:36 INFO  com.revature.Main  - Please enter your choice 1-6 only
[main] 2021-08-16 09:58:41 INFO  com.revature.Main  - 

Welcome to players search menu... Search the player by using the below filters
[main] 2021-08-16 09:58:41 INFO  com.revature.Main  - 1. By player Id
[main] 2021-08-16 09:58:41 INFO  com.revature.Main  - 2. By player Name
[main] 2021-08-16 09:58:41 INFO  com.revature.Main  - 3. By player Age
[main] 2021-08-16 09:58:41 INFO  com.revature.Main  - 4. By player Gender
[main] 2021-08-16 09:58:41 INFO  com.revature.Main  - 5. By player City
[main] 2021-08-16 09:58:41 INFO  com.revature.Main  - 6. By player Sports Name
[main] 2021-08-16 09:58:41 INFO  com.revature.Main  - 7. By player Contact
[main] 2021-08-16 09:58:41 INFO  com.revature.Main  - 8. By player Team Name
[main] 2021-08-16 09:58:41 INFO  com.revature.Main  - 9. Go back to Main menu
[main] 2021-08-16 09:58:41 INFO  com.revature.Main  - Please enter your choice 1-9 only
[main] 2021-08-16 09:58:45 INFO  com.revature.Main  - Enter the player gender to get those player details
[main] 2021-08-16 09:58:51 INFO  com.revature.Main  - Total there are 5 players under this gender M
[main] 2021-08-16 09:58:51 INFO  com.revature.Main  - Player [id=100, name=Sachin, age=44, gender=M, city=Mumbai, sportsName=Cricket, contact=7777777777, team=Team [id=1, teamName=India]]
[main] 2021-08-16 09:58:51 INFO  com.revature.Main  - Player [id=101, name=Ms Dhoni, age=35, gender=M, city=Ranchi, sportsName=Cricket, contact=6666666666, team=Team [id=1, teamName=India]]
[main] 2021-08-16 09:58:51 INFO  com.revature.Main  - Player [id=104, name=Neeraj, age=32, gender=M, city=Haryana, sportsName=Athlete, contact=812345678, team=Team [id=1, teamName=India]]
[main] 2021-08-16 09:58:51 INFO  com.revature.Main  - Player [id=105, name=Chris Gayle, age=41, gender=M, city=Windies, sportsName=Cricket, contact=9001234567, team=Team [id=5, teamName=Windies]]
[main] 2021-08-16 09:58:51 INFO  com.revature.Main  - Player [id=107, name=Ab De Viliars, age=39, gender=M, city=SA, sportsName=Cricket, contact=7012345671, team=Team [id=6, teamName=RCB]]
[main] 2021-08-16 09:58:51 INFO  com.revature.Main  - 

Welcome to players search menu... Search the player by using the below filters
[main] 2021-08-16 09:58:51 INFO  com.revature.Main  - 1. By player Id
[main] 2021-08-16 09:58:51 INFO  com.revature.Main  - 2. By player Name
[main] 2021-08-16 09:58:51 INFO  com.revature.Main  - 3. By player Age
[main] 2021-08-16 09:58:51 INFO  com.revature.Main  - 4. By player Gender
[main] 2021-08-16 09:58:51 INFO  com.revature.Main  - 5. By player City
[main] 2021-08-16 09:58:51 INFO  com.revature.Main  - 6. By player Sports Name
[main] 2021-08-16 09:58:51 INFO  com.revature.Main  - 7. By player Contact
[main] 2021-08-16 09:58:51 INFO  com.revature.Main  - 8. By player Team Name
[main] 2021-08-16 09:58:51 INFO  com.revature.Main  - 9. Go back to Main menu
[main] 2021-08-16 09:58:51 INFO  com.revature.Main  - Please enter your choice 1-9 only
[main] 2021-08-16 09:59:06 INFO  com.revature.Main  - Enter the player gender to get those player details
[main] 2021-08-16 09:59:08 INFO  com.revature.Main  - Total there are 1 players under this gender F
[main] 2021-08-16 09:59:08 INFO  com.revature.Main  - Player [id=103, name=Sindhu, age=30, gender=F, city=Hyderabad, sportsName=Shuttle, contact=3333333333, team=Team [id=1, teamName=India]]
[main] 2021-08-16 09:59:08 INFO  com.revature.Main  - 

Welcome to players search menu... Search the player by using the below filters
[main] 2021-08-16 09:59:08 INFO  com.revature.Main  - 1. By player Id
[main] 2021-08-16 09:59:08 INFO  com.revature.Main  - 2. By player Name
[main] 2021-08-16 09:59:08 INFO  com.revature.Main  - 3. By player Age
[main] 2021-08-16 09:59:08 INFO  com.revature.Main  - 4. By player Gender
[main] 2021-08-16 09:59:08 INFO  com.revature.Main  - 5. By player City
[main] 2021-08-16 09:59:08 INFO  com.revature.Main  - 6. By player Sports Name
[main] 2021-08-16 09:59:08 INFO  com.revature.Main  - 7. By player Contact
[main] 2021-08-16 09:59:08 INFO  com.revature.Main  - 8. By player Team Name
[main] 2021-08-16 09:59:08 INFO  com.revature.Main  - 9. Go back to Main menu
[main] 2021-08-16 09:59:08 INFO  com.revature.Main  - Please enter your choice 1-9 only
[main] 2021-08-16 09:59:15 INFO  com.revature.Main  - Enter the player gender to get those player details
[main] 2021-08-16 09:59:16 INFO  com.revature.Main  - Total there are 5 players under this gender M
[main] 2021-08-16 09:59:16 INFO  com.revature.Main  - Player [id=100, name=Sachin, age=44, gender=M, city=Mumbai, sportsName=Cricket, contact=7777777777, team=Team [id=1, teamName=India]]
[main] 2021-08-16 09:59:16 INFO  com.revature.Main  - Player [id=101, name=Ms Dhoni, age=35, gender=M, city=Ranchi, sportsName=Cricket, contact=6666666666, team=Team [id=1, teamName=India]]
[main] 2021-08-16 09:59:16 INFO  com.revature.Main  - Player [id=104, name=Neeraj, age=32, gender=M, city=Haryana, sportsName=Athlete, contact=812345678, team=Team [id=1, teamName=India]]
[main] 2021-08-16 09:59:16 INFO  com.revature.Main  - Player [id=105, name=Chris Gayle, age=41, gender=M, city=Windies, sportsName=Cricket, contact=9001234567, team=Team [id=5, teamName=Windies]]
[main] 2021-08-16 09:59:16 INFO  com.revature.Main  - Player [id=107, name=Ab De Viliars, age=39, gender=M, city=SA, sportsName=Cricket, contact=7012345671, team=Team [id=6, teamName=RCB]]
[main] 2021-08-16 09:59:16 INFO  com.revature.Main  - 

Welcome to players search menu... Search the player by using the below filters
[main] 2021-08-16 09:59:16 INFO  com.revature.Main  - 1. By player Id
[main] 2021-08-16 09:59:16 INFO  com.revature.Main  - 2. By player Name
[main] 2021-08-16 09:59:16 INFO  com.revature.Main  - 3. By player Age
[main] 2021-08-16 09:59:16 INFO  com.revature.Main  - 4. By player Gender
[main] 2021-08-16 09:59:16 INFO  com.revature.Main  - 5. By player City
[main] 2021-08-16 09:59:16 INFO  com.revature.Main  - 6. By player Sports Name
[main] 2021-08-16 09:59:16 INFO  com.revature.Main  - 7. By player Contact
[main] 2021-08-16 09:59:16 INFO  com.revature.Main  - 8. By player Team Name
[main] 2021-08-16 09:59:16 INFO  com.revature.Main  - 9. Go back to Main menu
[main] 2021-08-16 09:59:16 INFO  com.revature.Main  - Please enter your choice 1-9 only
[main] 2021-08-16 10:07:05 INFO  com.revature.Main  - Welcome to Hari's Player App
[main] 2021-08-16 10:07:05 INFO  com.revature.Main  - ===================================
[main] 2021-08-16 10:07:05 INFO  com.revature.Main  - 
What you wish to do today?
[main] 2021-08-16 10:07:05 INFO  com.revature.Main  - 1)Create a player
[main] 2021-08-16 10:07:05 INFO  com.revature.Main  - 2)Update a player
[main] 2021-08-16 10:07:05 INFO  com.revature.Main  - 3)Delete a player
[main] 2021-08-16 10:07:05 INFO  com.revature.Main  - 4)List all players
[main] 2021-08-16 10:07:05 INFO  com.revature.Main  - 5)Search the players with filters
[main] 2021-08-16 10:07:05 INFO  com.revature.Main  - 6)EXIT
[main] 2021-08-16 10:07:05 INFO  com.revature.Main  - Please enter your choice 1-6 only
[main] 2021-08-16 10:07:08 INFO  com.revature.Main  - 

Welcome to players search menu... Search the player by using the below filters
[main] 2021-08-16 10:07:08 INFO  com.revature.Main  - 1. By player Id
[main] 2021-08-16 10:07:08 INFO  com.revature.Main  - 2. By player Name
[main] 2021-08-16 10:07:08 INFO  com.revature.Main  - 3. By player Age
[main] 2021-08-16 10:07:08 INFO  com.revature.Main  - 4. By player Gender
[main] 2021-08-16 10:07:08 INFO  com.revature.Main  - 5. By player City
[main] 2021-08-16 10:07:08 INFO  com.revature.Main  - 6. By player Sports Name
[main] 2021-08-16 10:07:08 INFO  com.revature.Main  - 7. By player Contact
[main] 2021-08-16 10:07:08 INFO  com.revature.Main  - 8. By player Team Name
[main] 2021-08-16 10:07:08 INFO  com.revature.Main  - 9. Go back to Main menu
[main] 2021-08-16 10:07:08 INFO  com.revature.Main  - Please enter your choice 1-9 only
[main] 2021-08-16 10:07:12 INFO  com.revature.Main  - Enter the player age to get the player details
[main] 2021-08-16 10:07:18 INFO  com.revature.Main  - Total there are 6 players greater than this age 20
[main] 2021-08-16 10:07:18 INFO  com.revature.Main  - Player [id=100, name=Sachin, age=44, gender=M, city=Mumbai, sportsName=Cricket, contact=7777777777, team=Team [id=1, teamName=India]]
[main] 2021-08-16 10:07:18 INFO  com.revature.Main  - Player [id=101, name=Ms Dhoni, age=35, gender=M, city=Ranchi, sportsName=Cricket, contact=6666666666, team=Team [id=1, teamName=India]]
[main] 2021-08-16 10:07:18 INFO  com.revature.Main  - Player [id=103, name=Sindhu, age=30, gender=F, city=Hyderabad, sportsName=Shuttle, contact=3333333333, team=Team [id=1, teamName=India]]
[main] 2021-08-16 10:07:18 INFO  com.revature.Main  - Player [id=104, name=Neeraj, age=32, gender=M, city=Haryana, sportsName=Athlete, contact=812345678, team=Team [id=1, teamName=India]]
[main] 2021-08-16 10:07:18 INFO  com.revature.Main  - Player [id=105, name=Chris Gayle, age=41, gender=M, city=Windies, sportsName=Cricket, contact=9001234567, team=Team [id=5, teamName=Windies]]
[main] 2021-08-16 10:07:18 INFO  com.revature.Main  - Player [id=107, name=Ab De Viliars, age=39, gender=M, city=SA, sportsName=Cricket, contact=7012345671, team=Team [id=6, teamName=RCB]]
[main] 2021-08-16 10:07:18 INFO  com.revature.Main  - 

Welcome to players search menu... Search the player by using the below filters
[main] 2021-08-16 10:07:18 INFO  com.revature.Main  - 1. By player Id
[main] 2021-08-16 10:07:18 INFO  com.revature.Main  - 2. By player Name
[main] 2021-08-16 10:07:18 INFO  com.revature.Main  - 3. By player Age
[main] 2021-08-16 10:07:18 INFO  com.revature.Main  - 4. By player Gender
[main] 2021-08-16 10:07:18 INFO  com.revature.Main  - 5. By player City
[main] 2021-08-16 10:07:18 INFO  com.revature.Main  - 6. By player Sports Name
[main] 2021-08-16 10:07:18 INFO  com.revature.Main  - 7. By player Contact
[main] 2021-08-16 10:07:18 INFO  com.revature.Main  - 8. By player Team Name
[main] 2021-08-16 10:07:18 INFO  com.revature.Main  - 9. Go back to Main menu
[main] 2021-08-16 10:07:18 INFO  com.revature.Main  - Please enter your choice 1-9 only
[main] 2021-08-16 10:07:33 INFO  com.revature.Main  - Enter the player age to get the player details
[main] 2021-08-16 10:07:35 WARN  com.revature.Main  - Invaid age 19
[main] 2021-08-16 10:07:35 INFO  com.revature.Main  - 

Welcome to players search menu... Search the player by using the below filters
[main] 2021-08-16 10:07:35 INFO  com.revature.Main  - 1. By player Id
[main] 2021-08-16 10:07:35 INFO  com.revature.Main  - 2. By player Name
[main] 2021-08-16 10:07:35 INFO  com.revature.Main  - 3. By player Age
[main] 2021-08-16 10:07:35 INFO  com.revature.Main  - 4. By player Gender
[main] 2021-08-16 10:07:35 INFO  com.revature.Main  - 5. By player City
[main] 2021-08-16 10:07:35 INFO  com.revature.Main  - 6. By player Sports Name
[main] 2021-08-16 10:07:35 INFO  com.revature.Main  - 7. By player Contact
[main] 2021-08-16 10:07:35 INFO  com.revature.Main  - 8. By player Team Name
[main] 2021-08-16 10:07:35 INFO  com.revature.Main  - 9. Go back to Main menu
[main] 2021-08-16 10:07:35 INFO  com.revature.Main  - Please enter your choice 1-9 only
[main] 2021-08-16 10:08:11 INFO  com.revature.Main  - Enter the player age to get the player details
[main] 2021-08-16 10:09:42 INFO  com.revature.Main  - Welcome to Hari's Player App
[main] 2021-08-16 10:09:42 INFO  com.revature.Main  - ===================================
[main] 2021-08-16 10:09:42 INFO  com.revature.Main  - 
What you wish to do today?
[main] 2021-08-16 10:09:42 INFO  com.revature.Main  - 1)Create a player
[main] 2021-08-16 10:09:42 INFO  com.revature.Main  - 2)Update a player
[main] 2021-08-16 10:09:42 INFO  com.revature.Main  - 3)Delete a player
[main] 2021-08-16 10:09:42 INFO  com.revature.Main  - 4)List all players
[main] 2021-08-16 10:09:42 INFO  com.revature.Main  - 5)Search the players with filters
[main] 2021-08-16 10:09:42 INFO  com.revature.Main  - 6)EXIT
[main] 2021-08-16 10:09:42 INFO  com.revature.Main  - Please enter your choice 1-6 only
[main] 2021-08-16 10:41:51 INFO  com.revature.Main  - Welcome to Hari's Player App
[main] 2021-08-16 10:41:51 INFO  com.revature.Main  - ===================================
[main] 2021-08-16 10:41:51 INFO  com.revature.Main  - 
What you wish to do today?
[main] 2021-08-16 10:41:51 INFO  com.revature.Main  - 1)Create a player
[main] 2021-08-16 10:41:51 INFO  com.revature.Main  - 2)Update a player
[main] 2021-08-16 10:41:51 INFO  com.revature.Main  - 3)Delete a player
[main] 2021-08-16 10:41:51 INFO  com.revature.Main  - 4)List all players
[main] 2021-08-16 10:41:51 INFO  com.revature.Main  - 5)Search the players with filters
[main] 2021-08-16 10:41:51 INFO  com.revature.Main  - 6)EXIT
[main] 2021-08-16 10:41:51 INFO  com.revature.Main  - Please enter your choice 1-6 only
[main] 2021-08-16 10:41:55 INFO  com.revature.Main  - 

Welcome to players search menu... Search the player by using the below filters
[main] 2021-08-16 10:41:55 INFO  com.revature.Main  - 1. By player Id
[main] 2021-08-16 10:41:55 INFO  com.revature.Main  - 2. By player Name
[main] 2021-08-16 10:41:55 INFO  com.revature.Main  - 3. By player Age
[main] 2021-08-16 10:41:55 INFO  com.revature.Main  - 4. By player Gender
[main] 2021-08-16 10:41:55 INFO  com.revature.Main  - 5. By player City
[main] 2021-08-16 10:41:55 INFO  com.revature.Main  - 6. By player Sports Name
[main] 2021-08-16 10:41:55 INFO  com.revature.Main  - 7. By player Contact
[main] 2021-08-16 10:41:55 INFO  com.revature.Main  - 8. By player Team Name
[main] 2021-08-16 10:41:55 INFO  com.revature.Main  - 9. Go back to Main menu
[main] 2021-08-16 10:41:55 INFO  com.revature.Main  - Please enter your choice 1-9 only
[main] 2021-08-16 10:41:58 INFO  com.revature.Main  - Enter the player contact to find those player details
[main] 2021-08-16 10:42:04 WARN  com.revature.Main  - Player contact should be digit only...
[main] 2021-08-16 10:42:04 INFO  com.revature.Main  - 

Welcome to players search menu... Search the player by using the below filters
[main] 2021-08-16 10:42:04 INFO  com.revature.Main  - 1. By player Id
[main] 2021-08-16 10:42:04 INFO  com.revature.Main  - 2. By player Name
[main] 2021-08-16 10:42:04 INFO  com.revature.Main  - 3. By player Age
[main] 2021-08-16 10:42:04 INFO  com.revature.Main  - 4. By player Gender
[main] 2021-08-16 10:42:04 INFO  com.revature.Main  - 5. By player City
[main] 2021-08-16 10:42:04 INFO  com.revature.Main  - 6. By player Sports Name
[main] 2021-08-16 10:42:04 INFO  com.revature.Main  - 7. By player Contact
[main] 2021-08-16 10:42:04 INFO  com.revature.Main  - 8. By player Team Name
[main] 2021-08-16 10:42:04 INFO  com.revature.Main  - 9. Go back to Main menu
[main] 2021-08-16 10:42:04 INFO  com.revature.Main  - Please enter your choice 1-9 only
[main] 2021-08-16 10:42:49 INFO  com.revature.Main  - Welcome to Hari's Player App
[main] 2021-08-16 10:42:49 INFO  com.revature.Main  - ===================================
[main] 2021-08-16 10:42:49 INFO  com.revature.Main  - 
What you wish to do today?
[main] 2021-08-16 10:42:49 INFO  com.revature.Main  - 1)Create a player
[main] 2021-08-16 10:42:49 INFO  com.revature.Main  - 2)Update a player
[main] 2021-08-16 10:42:49 INFO  com.revature.Main  - 3)Delete a player
[main] 2021-08-16 10:42:49 INFO  com.revature.Main  - 4)List all players
[main] 2021-08-16 10:42:49 INFO  com.revature.Main  - 5)Search the players with filters
[main] 2021-08-16 10:42:49 INFO  com.revature.Main  - 6)EXIT
[main] 2021-08-16 10:42:49 INFO  com.revature.Main  - Please enter your choice 1-6 only
[main] 2021-08-16 10:42:51 INFO  com.revature.Main  - 

Welcome to players search menu... Search the player by using the below filters
[main] 2021-08-16 10:42:51 INFO  com.revature.Main  - 1. By player Id
[main] 2021-08-16 10:42:51 INFO  com.revature.Main  - 2. By player Name
[main] 2021-08-16 10:42:51 INFO  com.revature.Main  - 3. By player Age
[main] 2021-08-16 10:42:51 INFO  com.revature.Main  - 4. By player Gender
[main] 2021-08-16 10:42:51 INFO  com.revature.Main  - 5. By player City
[main] 2021-08-16 10:42:51 INFO  com.revature.Main  - 6. By player Sports Name
[main] 2021-08-16 10:42:51 INFO  com.revature.Main  - 7. By player Contact
[main] 2021-08-16 10:42:51 INFO  com.revature.Main  - 8. By player Team Name
[main] 2021-08-16 10:42:51 INFO  com.revature.Main  - 9. Go back to Main menu
[main] 2021-08-16 10:42:51 INFO  com.revature.Main  - Please enter your choice 1-9 only
[main] 2021-08-16 10:42:52 INFO  com.revature.Main  - Enter the player contact to find those player details
[main] 2021-08-16 10:42:56 WARN  com.revature.Main  - Invalid Player contact 777777777
[main] 2021-08-16 10:42:56 INFO  com.revature.Main  - 

Welcome to players search menu... Search the player by using the below filters
[main] 2021-08-16 10:42:56 INFO  com.revature.Main  - 1. By player Id
[main] 2021-08-16 10:42:56 INFO  com.revature.Main  - 2. By player Name
[main] 2021-08-16 10:42:56 INFO  com.revature.Main  - 3. By player Age
[main] 2021-08-16 10:42:56 INFO  com.revature.Main  - 4. By player Gender
[main] 2021-08-16 10:42:56 INFO  com.revature.Main  - 5. By player City
[main] 2021-08-16 10:42:56 INFO  com.revature.Main  - 6. By player Sports Name
[main] 2021-08-16 10:42:56 INFO  com.revature.Main  - 7. By player Contact
[main] 2021-08-16 10:42:56 INFO  com.revature.Main  - 8. By player Team Name
[main] 2021-08-16 10:42:56 INFO  com.revature.Main  - 9. Go back to Main menu
[main] 2021-08-16 10:42:56 INFO  com.revature.Main  - Please enter your choice 1-9 only
[main] 2021-08-16 10:43:06 INFO  com.revature.Main  - Enter the player contact to find those player details
[main] 2021-08-16 10:43:10 WARN  com.revature.Main  - Player contact should be digit only...
[main] 2021-08-16 10:43:10 INFO  com.revature.Main  - 

Welcome to players search menu... Search the player by using the below filters
[main] 2021-08-16 10:43:10 INFO  com.revature.Main  - 1. By player Id
[main] 2021-08-16 10:43:10 INFO  com.revature.Main  - 2. By player Name
[main] 2021-08-16 10:43:10 INFO  com.revature.Main  - 3. By player Age
[main] 2021-08-16 10:43:10 INFO  com.revature.Main  - 4. By player Gender
[main] 2021-08-16 10:43:10 INFO  com.revature.Main  - 5. By player City
[main] 2021-08-16 10:43:10 INFO  com.revature.Main  - 6. By player Sports Name
[main] 2021-08-16 10:43:10 INFO  com.revature.Main  - 7. By player Contact
[main] 2021-08-16 10:43:10 INFO  com.revature.Main  - 8. By player Team Name
[main] 2021-08-16 10:43:10 INFO  com.revature.Main  - 9. Go back to Main menu
[main] 2021-08-16 10:43:10 INFO  com.revature.Main  - Please enter your choice 1-9 only
[main] 2021-08-16 10:43:58 INFO  com.revature.Main  - Welcome to Hari's Player App
[main] 2021-08-16 10:43:59 INFO  com.revature.Main  - ===================================
[main] 2021-08-16 10:43:59 INFO  com.revature.Main  - 
What you wish to do today?
[main] 2021-08-16 10:43:59 INFO  com.revature.Main  - 1)Create a player
[main] 2021-08-16 10:43:59 INFO  com.revature.Main  - 2)Update a player
[main] 2021-08-16 10:43:59 INFO  com.revature.Main  - 3)Delete a player
[main] 2021-08-16 10:43:59 INFO  com.revature.Main  - 4)List all players
[main] 2021-08-16 10:43:59 INFO  com.revature.Main  - 5)Search the players with filters
[main] 2021-08-16 10:43:59 INFO  com.revature.Main  - 6)EXIT
[main] 2021-08-16 10:43:59 INFO  com.revature.Main  - Please enter your choice 1-6 only
[main] 2021-08-16 10:44:01 INFO  com.revature.Main  - 

Welcome to players search menu... Search the player by using the below filters
[main] 2021-08-16 10:44:01 INFO  com.revature.Main  - 1. By player Id
[main] 2021-08-16 10:44:01 INFO  com.revature.Main  - 2. By player Name
[main] 2021-08-16 10:44:01 INFO  com.revature.Main  - 3. By player Age
[main] 2021-08-16 10:44:01 INFO  com.revature.Main  - 4. By player Gender
[main] 2021-08-16 10:44:01 INFO  com.revature.Main  - 5. By player City
[main] 2021-08-16 10:44:01 INFO  com.revature.Main  - 6. By player Sports Name
[main] 2021-08-16 10:44:01 INFO  com.revature.Main  - 7. By player Contact
[main] 2021-08-16 10:44:01 INFO  com.revature.Main  - 8. By player Team Name
[main] 2021-08-16 10:44:01 INFO  com.revature.Main  - 9. Go back to Main menu
[main] 2021-08-16 10:44:01 INFO  com.revature.Main  - Please enter your choice 1-9 only
[main] 2021-08-16 10:44:03 INFO  com.revature.Main  - Enter the player contact to find those player details
[main] 2021-08-16 10:44:07 WARN  com.revature.Main  - Player contact should be digit only...
[main] 2021-08-16 10:44:07 INFO  com.revature.Main  - 

Welcome to players search menu... Search the player by using the below filters
[main] 2021-08-16 10:44:07 INFO  com.revature.Main  - 1. By player Id
[main] 2021-08-16 10:44:07 INFO  com.revature.Main  - 2. By player Name
[main] 2021-08-16 10:44:07 INFO  com.revature.Main  - 3. By player Age
[main] 2021-08-16 10:44:07 INFO  com.revature.Main  - 4. By player Gender
[main] 2021-08-16 10:44:07 INFO  com.revature.Main  - 5. By player City
[main] 2021-08-16 10:44:07 INFO  com.revature.Main  - 6. By player Sports Name
[main] 2021-08-16 10:44:07 INFO  com.revature.Main  - 7. By player Contact
[main] 2021-08-16 10:44:07 INFO  com.revature.Main  - 8. By player Team Name
[main] 2021-08-16 10:44:07 INFO  com.revature.Main  - 9. Go back to Main menu
[main] 2021-08-16 10:44:07 INFO  com.revature.Main  - Please enter your choice 1-9 only
[main] 2021-08-16 10:44:30 INFO  com.revature.Main  - Welcome to Hari's Player App
[main] 2021-08-16 10:44:30 INFO  com.revature.Main  - ===================================
[main] 2021-08-16 10:44:30 INFO  com.revature.Main  - 
What you wish to do today?
[main] 2021-08-16 10:44:30 INFO  com.revature.Main  - 1)Create a player
[main] 2021-08-16 10:44:30 INFO  com.revature.Main  - 2)Update a player
[main] 2021-08-16 10:44:30 INFO  com.revature.Main  - 3)Delete a player
[main] 2021-08-16 10:44:30 INFO  com.revature.Main  - 4)List all players
[main] 2021-08-16 10:44:30 INFO  com.revature.Main  - 5)Search the players with filters
[main] 2021-08-16 10:44:30 INFO  com.revature.Main  - 6)EXIT
[main] 2021-08-16 10:44:30 INFO  com.revature.Main  - Please enter your choice 1-6 only
[main] 2021-08-16 10:44:32 INFO  com.revature.Main  - 

Welcome to players search menu... Search the player by using the below filters
[main] 2021-08-16 10:44:32 INFO  com.revature.Main  - 1. By player Id
[main] 2021-08-16 10:44:32 INFO  com.revature.Main  - 2. By player Name
[main] 2021-08-16 10:44:32 INFO  com.revature.Main  - 3. By player Age
[main] 2021-08-16 10:44:32 INFO  com.revature.Main  - 4. By player Gender
[main] 2021-08-16 10:44:32 INFO  com.revature.Main  - 5. By player City
[main] 2021-08-16 10:44:32 INFO  com.revature.Main  - 6. By player Sports Name
[main] 2021-08-16 10:44:32 INFO  com.revature.Main  - 7. By player Contact
[main] 2021-08-16 10:44:32 INFO  com.revature.Main  - 8. By player Team Name
[main] 2021-08-16 10:44:32 INFO  com.revature.Main  - 9. Go back to Main menu
[main] 2021-08-16 10:44:32 INFO  com.revature.Main  - Please enter your choice 1-9 only
[main] 2021-08-16 10:44:33 INFO  com.revature.Main  - Enter the player contact to find those player details
[main] 2021-08-16 10:46:10 INFO  com.revature.Main  - Welcome to Hari's Player App
[main] 2021-08-16 10:46:10 INFO  com.revature.Main  - ===================================
[main] 2021-08-16 10:46:10 INFO  com.revature.Main  - 
What you wish to do today?
[main] 2021-08-16 10:46:10 INFO  com.revature.Main  - 1)Create a player
[main] 2021-08-16 10:46:10 INFO  com.revature.Main  - 2)Update a player
[main] 2021-08-16 10:46:10 INFO  com.revature.Main  - 3)Delete a player
[main] 2021-08-16 10:46:10 INFO  com.revature.Main  - 4)List all players
[main] 2021-08-16 10:46:10 INFO  com.revature.Main  - 5)Search the players with filters
[main] 2021-08-16 10:46:10 INFO  com.revature.Main  - 6)EXIT
[main] 2021-08-16 10:46:10 INFO  com.revature.Main  - Please enter your choice 1-6 only
[main] 2021-08-16 10:46:12 INFO  com.revature.Main  - 

Welcome to players search menu... Search the player by using the below filters
[main] 2021-08-16 10:46:12 INFO  com.revature.Main  - 1. By player Id
[main] 2021-08-16 10:46:12 INFO  com.revature.Main  - 2. By player Name
[main] 2021-08-16 10:46:12 INFO  com.revature.Main  - 3. By player Age
[main] 2021-08-16 10:46:12 INFO  com.revature.Main  - 4. By player Gender
[main] 2021-08-16 10:46:12 INFO  com.revature.Main  - 5. By player City
[main] 2021-08-16 10:46:12 INFO  com.revature.Main  - 6. By player Sports Name
[main] 2021-08-16 10:46:12 INFO  com.revature.Main  - 7. By player Contact
[main] 2021-08-16 10:46:12 INFO  com.revature.Main  - 8. By player Team Name
[main] 2021-08-16 10:46:12 INFO  com.revature.Main  - 9. Go back to Main menu
[main] 2021-08-16 10:46:12 INFO  com.revature.Main  - Please enter your choice 1-9 only
[main] 2021-08-16 10:46:13 INFO  com.revature.Main  - Enter the player contact to find those player details
[main] 2021-08-16 10:46:20 WARN  com.revature.Main  - Entered player contact 1112456789 doesn't exist
[main] 2021-08-16 10:46:20 INFO  com.revature.Main  - 

Welcome to players search menu... Search the player by using the below filters
[main] 2021-08-16 10:46:20 INFO  com.revature.Main  - 1. By player Id
[main] 2021-08-16 10:46:20 INFO  com.revature.Main  - 2. By player Name
[main] 2021-08-16 10:46:20 INFO  com.revature.Main  - 3. By player Age
[main] 2021-08-16 10:46:20 INFO  com.revature.Main  - 4. By player Gender
[main] 2021-08-16 10:46:20 INFO  com.revature.Main  - 5. By player City
[main] 2021-08-16 10:46:20 INFO  com.revature.Main  - 6. By player Sports Name
[main] 2021-08-16 10:46:20 INFO  com.revature.Main  - 7. By player Contact
[main] 2021-08-16 10:46:20 INFO  com.revature.Main  - 8. By player Team Name
[main] 2021-08-16 10:46:20 INFO  com.revature.Main  - 9. Go back to Main menu
[main] 2021-08-16 10:46:20 INFO  com.revature.Main  - Please enter your choice 1-9 only
[main] 2021-08-16 10:46:26 INFO  com.revature.Main  - Enter the player contact to find those player details
[main] 2021-08-16 10:46:30 INFO  com.revature.Main  - Enterd player contact7777777777 is found successfully
[main] 2021-08-16 10:46:30 INFO  com.revature.Main  - Player [id=100, name=Sachin, age=44, gender=M, city=Mumbai, sportsName=Cricket, contact=7777777777, team=Team [id=1, teamName=India]]
[main] 2021-08-16 10:46:30 INFO  com.revature.Main  - 

Welcome to players search menu... Search the player by using the below filters
[main] 2021-08-16 10:46:30 INFO  com.revature.Main  - 1. By player Id
[main] 2021-08-16 10:46:30 INFO  com.revature.Main  - 2. By player Name
[main] 2021-08-16 10:46:30 INFO  com.revature.Main  - 3. By player Age
[main] 2021-08-16 10:46:30 INFO  com.revature.Main  - 4. By player Gender
[main] 2021-08-16 10:46:30 INFO  com.revature.Main  - 5. By player City
[main] 2021-08-16 10:46:30 INFO  com.revature.Main  - 6. By player Sports Name
[main] 2021-08-16 10:46:30 INFO  com.revature.Main  - 7. By player Contact
[main] 2021-08-16 10:46:30 INFO  com.revature.Main  - 8. By player Team Name
[main] 2021-08-16 10:46:30 INFO  com.revature.Main  - 9. Go back to Main menu
[main] 2021-08-16 10:46:30 INFO  com.revature.Main  - Please enter your choice 1-9 only
[main] 2021-08-16 10:53:07 INFO  com.revature.Main  - Welcome to Hari's Player App
[main] 2021-08-16 10:53:07 INFO  com.revature.Main  - ===================================
[main] 2021-08-16 10:53:07 INFO  com.revature.Main  - 
What you wish to do today?
[main] 2021-08-16 10:53:07 INFO  com.revature.Main  - 1)Create a player
[main] 2021-08-16 10:53:07 INFO  com.revature.Main  - 2)Update a player
[main] 2021-08-16 10:53:07 INFO  com.revature.Main  - 3)Delete a player
[main] 2021-08-16 10:53:07 INFO  com.revature.Main  - 4)List all players
[main] 2021-08-16 10:53:07 INFO  com.revature.Main  - 5)Search the players with filters
[main] 2021-08-16 10:53:07 INFO  com.revature.Main  - 6)EXIT
[main] 2021-08-16 10:53:07 INFO  com.revature.Main  - Please enter your choice 1-6 only
[main] 2021-08-16 10:53:09 INFO  com.revature.Main  - 

Welcome to players search menu... Search the player by using the below filters
[main] 2021-08-16 10:53:09 INFO  com.revature.Main  - 1. By player Id
[main] 2021-08-16 10:53:09 INFO  com.revature.Main  - 2. By player Name
[main] 2021-08-16 10:53:09 INFO  com.revature.Main  - 3. By player Age
[main] 2021-08-16 10:53:09 INFO  com.revature.Main  - 4. By player Gender
[main] 2021-08-16 10:53:09 INFO  com.revature.Main  - 5. By player City
[main] 2021-08-16 10:53:09 INFO  com.revature.Main  - 6. By player Sports Name
[main] 2021-08-16 10:53:09 INFO  com.revature.Main  - 7. By player Contact
[main] 2021-08-16 10:53:09 INFO  com.revature.Main  - 8. By player Team Name
[main] 2021-08-16 10:53:09 INFO  com.revature.Main  - 9. Go back to Main menu
[main] 2021-08-16 10:53:09 INFO  com.revature.Main  - Please enter your choice 1-9 only
[main] 2021-08-16 10:53:14 INFO  com.revature.Main  - Enter the player name to get the details
[main] 2021-08-16 10:53:22 INFO  com.revature.Main  - Total there are 1 players under this name chris gayle
[main] 2021-08-16 10:53:22 INFO  com.revature.Main  - Player [id=105, name=Chris Gayle, age=41, gender=M, city=Windies, sportsName=Cricket, contact=9001234567, team=Team [id=5, teamName=Windies]]
[main] 2021-08-16 10:53:22 INFO  com.revature.Main  - 

Welcome to players search menu... Search the player by using the below filters
[main] 2021-08-16 10:53:22 INFO  com.revature.Main  - 1. By player Id
[main] 2021-08-16 10:53:22 INFO  com.revature.Main  - 2. By player Name
[main] 2021-08-16 10:53:22 INFO  com.revature.Main  - 3. By player Age
[main] 2021-08-16 10:53:22 INFO  com.revature.Main  - 4. By player Gender
[main] 2021-08-16 10:53:22 INFO  com.revature.Main  - 5. By player City
[main] 2021-08-16 10:53:22 INFO  com.revature.Main  - 6. By player Sports Name
[main] 2021-08-16 10:53:22 INFO  com.revature.Main  - 7. By player Contact
[main] 2021-08-16 10:53:22 INFO  com.revature.Main  - 8. By player Team Name
[main] 2021-08-16 10:53:22 INFO  com.revature.Main  - 9. Go back to Main menu
[main] 2021-08-16 10:53:22 INFO  com.revature.Main  - Please enter your choice 1-9 only
[main] 2021-08-16 10:57:05 INFO  com.revature.Main  - Welcome to Hari's Player App
[main] 2021-08-16 10:57:05 INFO  com.revature.Main  - ===================================
[main] 2021-08-16 10:57:05 INFO  com.revature.Main  - 
What you wish to do today?
[main] 2021-08-16 10:57:05 INFO  com.revature.Main  - 1)Create a player
[main] 2021-08-16 10:57:05 INFO  com.revature.Main  - 2)Update a player
[main] 2021-08-16 10:57:05 INFO  com.revature.Main  - 3)Delete a player
[main] 2021-08-16 10:57:05 INFO  com.revature.Main  - 4)List all players
[main] 2021-08-16 10:57:05 INFO  com.revature.Main  - 5)Search the players with filters
[main] 2021-08-16 10:57:05 INFO  com.revature.Main  - 6)EXIT
[main] 2021-08-16 10:57:05 INFO  com.revature.Main  - Please enter your choice 1-6 only
[main] 2021-08-16 10:57:07 INFO  com.revature.Main  - 

Welcome to players search menu... Search the player by using the below filters
[main] 2021-08-16 10:57:07 INFO  com.revature.Main  - 1. By player Id
[main] 2021-08-16 10:57:07 INFO  com.revature.Main  - 2. By player Name
[main] 2021-08-16 10:57:07 INFO  com.revature.Main  - 3. By player Age
[main] 2021-08-16 10:57:07 INFO  com.revature.Main  - 4. By player Gender
[main] 2021-08-16 10:57:07 INFO  com.revature.Main  - 5. By player City
[main] 2021-08-16 10:57:07 INFO  com.revature.Main  - 6. By player Sports Name
[main] 2021-08-16 10:57:07 INFO  com.revature.Main  - 7. By player Contact
[main] 2021-08-16 10:57:07 INFO  com.revature.Main  - 8. By player Team Name
[main] 2021-08-16 10:57:07 INFO  com.revature.Main  - 9. Go back to Main menu
[main] 2021-08-16 10:57:07 INFO  com.revature.Main  - Please enter your choice 1-9 only
[main] 2021-08-16 10:57:10 INFO  com.revature.Main  - Enter the city name to get the player details on that city
[main] 2021-08-16 10:57:16 INFO  com.revature.Main  - Total there are 1 players under this city Ranchi
[main] 2021-08-16 10:57:16 INFO  com.revature.Main  - Player [id=101, name=Ms Dhoni, age=35, gender=M, city=Ranchi, sportsName=Cricket, contact=6666666666, team=Team [id=1, teamName=India]]
[main] 2021-08-16 10:57:16 INFO  com.revature.Main  - 

Welcome to players search menu... Search the player by using the below filters
[main] 2021-08-16 10:57:16 INFO  com.revature.Main  - 1. By player Id
[main] 2021-08-16 10:57:16 INFO  com.revature.Main  - 2. By player Name
[main] 2021-08-16 10:57:16 INFO  com.revature.Main  - 3. By player Age
[main] 2021-08-16 10:57:16 INFO  com.revature.Main  - 4. By player Gender
[main] 2021-08-16 10:57:16 INFO  com.revature.Main  - 5. By player City
[main] 2021-08-16 10:57:16 INFO  com.revature.Main  - 6. By player Sports Name
[main] 2021-08-16 10:57:16 INFO  com.revature.Main  - 7. By player Contact
[main] 2021-08-16 10:57:16 INFO  com.revature.Main  - 8. By player Team Name
[main] 2021-08-16 10:57:16 INFO  com.revature.Main  - 9. Go back to Main menu
[main] 2021-08-16 10:57:16 INFO  com.revature.Main  - Please enter your choice 1-9 only
[main] 2021-08-16 11:04:58 INFO  com.revature.Main  - Welcome to Hari's Player App
[main] 2021-08-16 11:04:58 INFO  com.revature.Main  - ===================================
[main] 2021-08-16 11:04:58 INFO  com.revature.Main  - 
What you wish to do today?
[main] 2021-08-16 11:04:58 INFO  com.revature.Main  - 1)Create a player
[main] 2021-08-16 11:04:58 INFO  com.revature.Main  - 2)Update a player
[main] 2021-08-16 11:04:58 INFO  com.revature.Main  - 3)Delete a player
[main] 2021-08-16 11:04:58 INFO  com.revature.Main  - 4)List all players
[main] 2021-08-16 11:04:58 INFO  com.revature.Main  - 5)Search the players with filters
[main] 2021-08-16 11:04:58 INFO  com.revature.Main  - 6)EXIT
[main] 2021-08-16 11:04:58 INFO  com.revature.Main  - Please enter your choice 1-6 only
[main] 2021-08-16 11:05:00 INFO  com.revature.Main  - 

Welcome to players search menu... Search the player by using the below filters
[main] 2021-08-16 11:05:00 INFO  com.revature.Main  - 1. By player Id
[main] 2021-08-16 11:05:00 INFO  com.revature.Main  - 2. By player Name
[main] 2021-08-16 11:05:00 INFO  com.revature.Main  - 3. By player Age
[main] 2021-08-16 11:05:00 INFO  com.revature.Main  - 4. By player Gender
[main] 2021-08-16 11:05:00 INFO  com.revature.Main  - 5. By player City
[main] 2021-08-16 11:05:00 INFO  com.revature.Main  - 6. By player Sports Name
[main] 2021-08-16 11:05:00 INFO  com.revature.Main  - 7. By player Contact
[main] 2021-08-16 11:05:00 INFO  com.revature.Main  - 8. By player Team Name
[main] 2021-08-16 11:05:00 INFO  com.revature.Main  - 9. Go back to Main menu
[main] 2021-08-16 11:05:00 INFO  com.revature.Main  - Please enter your choice 1-9 only
[main] 2021-08-16 11:05:03 INFO  com.revature.Main  - Enter the sports name to get player details
[main] 2021-08-16 11:05:10 WARN  com.revature.Main  - Invaid sportsName 
[main] 2021-08-16 11:05:10 INFO  com.revature.Main  - 

Welcome to players search menu... Search the player by using the below filters
[main] 2021-08-16 11:05:10 INFO  com.revature.Main  - 1. By player Id
[main] 2021-08-16 11:05:10 INFO  com.revature.Main  - 2. By player Name
[main] 2021-08-16 11:05:10 INFO  com.revature.Main  - 3. By player Age
[main] 2021-08-16 11:05:10 INFO  com.revature.Main  - 4. By player Gender
[main] 2021-08-16 11:05:10 INFO  com.revature.Main  - 5. By player City
[main] 2021-08-16 11:05:10 INFO  com.revature.Main  - 6. By player Sports Name
[main] 2021-08-16 11:05:10 INFO  com.revature.Main  - 7. By player Contact
[main] 2021-08-16 11:05:10 INFO  com.revature.Main  - 8. By player Team Name
[main] 2021-08-16 11:05:10 INFO  com.revature.Main  - 9. Go back to Main menu
[main] 2021-08-16 11:05:10 INFO  com.revature.Main  - Please enter your choice 1-9 only
[main] 2021-08-16 11:06:20 INFO  com.revature.Main  - Welcome to Hari's Player App
[main] 2021-08-16 11:06:20 INFO  com.revature.Main  - ===================================
[main] 2021-08-16 11:06:20 INFO  com.revature.Main  - 
What you wish to do today?
[main] 2021-08-16 11:06:20 INFO  com.revature.Main  - 1)Create a player
[main] 2021-08-16 11:06:20 INFO  com.revature.Main  - 2)Update a player
[main] 2021-08-16 11:06:20 INFO  com.revature.Main  - 3)Delete a player
[main] 2021-08-16 11:06:20 INFO  com.revature.Main  - 4)List all players
[main] 2021-08-16 11:06:20 INFO  com.revature.Main  - 5)Search the players with filters
[main] 2021-08-16 11:06:20 INFO  com.revature.Main  - 6)EXIT
[main] 2021-08-16 11:06:20 INFO  com.revature.Main  - Please enter your choice 1-6 only
[main] 2021-08-16 11:06:22 INFO  com.revature.Main  - 

Welcome to players search menu... Search the player by using the below filters
[main] 2021-08-16 11:06:22 INFO  com.revature.Main  - 1. By player Id
[main] 2021-08-16 11:06:22 INFO  com.revature.Main  - 2. By player Name
[main] 2021-08-16 11:06:22 INFO  com.revature.Main  - 3. By player Age
[main] 2021-08-16 11:06:22 INFO  com.revature.Main  - 4. By player Gender
[main] 2021-08-16 11:06:22 INFO  com.revature.Main  - 5. By player City
[main] 2021-08-16 11:06:22 INFO  com.revature.Main  - 6. By player Sports Name
[main] 2021-08-16 11:06:22 INFO  com.revature.Main  - 7. By player Contact
[main] 2021-08-16 11:06:22 INFO  com.revature.Main  - 8. By player Team Name
[main] 2021-08-16 11:06:22 INFO  com.revature.Main  - 9. Go back to Main menu
[main] 2021-08-16 11:06:22 INFO  com.revature.Main  - Please enter your choice 1-9 only
[main] 2021-08-16 11:06:25 INFO  com.revature.Main  - Enter the sports name to get player details
[main] 2021-08-16 11:06:28 WARN  com.revature.Main  - Invaid sportsName 
[main] 2021-08-16 11:06:28 INFO  com.revature.Main  - 

Welcome to players search menu... Search the player by using the below filters
[main] 2021-08-16 11:06:28 INFO  com.revature.Main  - 1. By player Id
[main] 2021-08-16 11:06:28 INFO  com.revature.Main  - 2. By player Name
[main] 2021-08-16 11:06:28 INFO  com.revature.Main  - 3. By player Age
[main] 2021-08-16 11:06:28 INFO  com.revature.Main  - 4. By player Gender
[main] 2021-08-16 11:06:28 INFO  com.revature.Main  - 5. By player City
[main] 2021-08-16 11:06:28 INFO  com.revature.Main  - 6. By player Sports Name
[main] 2021-08-16 11:06:28 INFO  com.revature.Main  - 7. By player Contact
[main] 2021-08-16 11:06:28 INFO  com.revature.Main  - 8. By player Team Name
[main] 2021-08-16 11:06:28 INFO  com.revature.Main  - 9. Go back to Main menu
[main] 2021-08-16 11:06:28 INFO  com.revature.Main  - Please enter your choice 1-9 only
[main] 2021-08-16 11:36:11 INFO  com.revature.Main  - Welcome to Hari's Player App
[main] 2021-08-16 11:36:11 INFO  com.revature.Main  - ===================================
[main] 2021-08-16 11:36:11 INFO  com.revature.Main  - 
What you wish to do today?
[main] 2021-08-16 11:36:11 INFO  com.revature.Main  - 1)Create a player
[main] 2021-08-16 11:36:11 INFO  com.revature.Main  - 2)Update a player
[main] 2021-08-16 11:36:11 INFO  com.revature.Main  - 3)Delete a player
[main] 2021-08-16 11:36:11 INFO  com.revature.Main  - 4)List all players
[main] 2021-08-16 11:36:11 INFO  com.revature.Main  - 5)Search the players with filters
[main] 2021-08-16 11:36:11 INFO  com.revature.Main  - 6)EXIT
[main] 2021-08-16 11:36:11 INFO  com.revature.Main  - Please enter your choice 1-6 only
[main] 2021-08-16 11:36:14 INFO  com.revature.Main  - 

Welcome to players search menu... Search the player by using the below filters
[main] 2021-08-16 11:36:14 INFO  com.revature.Main  - 1. By player Id
[main] 2021-08-16 11:36:14 INFO  com.revature.Main  - 2. By player Name
[main] 2021-08-16 11:36:14 INFO  com.revature.Main  - 3. By player Age
[main] 2021-08-16 11:36:14 INFO  com.revature.Main  - 4. By player Gender
[main] 2021-08-16 11:36:14 INFO  com.revature.Main  - 5. By player City
[main] 2021-08-16 11:36:14 INFO  com.revature.Main  - 6. By player Sports Name
[main] 2021-08-16 11:36:14 INFO  com.revature.Main  - 7. By player Contact
[main] 2021-08-16 11:36:14 INFO  com.revature.Main  - 8. By player Team Name
[main] 2021-08-16 11:36:14 INFO  com.revature.Main  - 9. Go back to Main menu
[main] 2021-08-16 11:36:14 INFO  com.revature.Main  - Please enter your choice 1-9 only
[main] 2021-08-16 11:36:16 INFO  com.revature.Main  - Enter the sports name to get player details
[main] 2021-08-16 11:36:21 INFO  com.revature.Main  - Total there are 4 players under this sports name Cricket
[main] 2021-08-16 11:36:21 INFO  com.revature.Main  - Player [id=100, name=Sachin, age=44, gender=M, city=Mumbai, sportsName=Cricket, contact=7777777777, team=Team [id=1, teamName=India]]
[main] 2021-08-16 11:36:21 INFO  com.revature.Main  - Player [id=101, name=Ms Dhoni, age=35, gender=M, city=Ranchi, sportsName=Cricket, contact=6666666666, team=Team [id=1, teamName=India]]
[main] 2021-08-16 11:36:21 INFO  com.revature.Main  - Player [id=105, name=Chris Gayle, age=41, gender=M, city=Windies, sportsName=Cricket, contact=9001234567, team=Team [id=5, teamName=Windies]]
[main] 2021-08-16 11:36:21 INFO  com.revature.Main  - Player [id=107, name=Ab De Viliars, age=39, gender=M, city=SA, sportsName=Cricket, contact=7012345671, team=Team [id=6, teamName=RCB]]
[main] 2021-08-16 11:36:21 INFO  com.revature.Main  - 

Welcome to players search menu... Search the player by using the below filters
[main] 2021-08-16 11:36:21 INFO  com.revature.Main  - 1. By player Id
[main] 2021-08-16 11:36:21 INFO  com.revature.Main  - 2. By player Name
[main] 2021-08-16 11:36:21 INFO  com.revature.Main  - 3. By player Age
[main] 2021-08-16 11:36:21 INFO  com.revature.Main  - 4. By player Gender
[main] 2021-08-16 11:36:21 INFO  com.revature.Main  - 5. By player City
[main] 2021-08-16 11:36:21 INFO  com.revature.Main  - 6. By player Sports Name
[main] 2021-08-16 11:36:21 INFO  com.revature.Main  - 7. By player Contact
[main] 2021-08-16 11:36:21 INFO  com.revature.Main  - 8. By player Team Name
[main] 2021-08-16 11:36:21 INFO  com.revature.Main  - 9. Go back to Main menu
[main] 2021-08-16 11:36:21 INFO  com.revature.Main  - Please enter your choice 1-9 only
[main] 2021-08-16 22:18:17 INFO  com.revature.Main  - Welcome to Hari's Player App
[main] 2021-08-16 22:18:17 INFO  com.revature.Main  - ===================================
[main] 2021-08-16 22:18:17 INFO  com.revature.Main  - 
What you wish to do today?
[main] 2021-08-16 22:18:17 INFO  com.revature.Main  - 1)Create a player
[main] 2021-08-16 22:18:17 INFO  com.revature.Main  - 2)Update a player
[main] 2021-08-16 22:18:17 INFO  com.revature.Main  - 3)Delete a player
[main] 2021-08-16 22:18:17 INFO  com.revature.Main  - 4)List all players
[main] 2021-08-16 22:18:17 INFO  com.revature.Main  - 5)Search the players with filters
[main] 2021-08-16 22:18:17 INFO  com.revature.Main  - 6)EXIT
[main] 2021-08-16 22:18:17 INFO  com.revature.Main  - Please enter your choice 1-6 only
[main] 2021-08-16 22:18:33 INFO  com.revature.Main  - Create a player
[main] 2021-08-16 22:18:33 INFO  com.revature.Main  - Enter Player Id
[main] 2021-08-16 22:18:55 INFO  com.revature.Main  - Enter Player name
[main] 2021-08-16 22:19:10 INFO  com.revature.Main  - Enter Player age
[main] 2021-08-16 22:19:13 INFO  com.revature.Main  - Enter Player gender
[main] 2021-08-16 22:19:17 INFO  com.revature.Main  - Enter Player city
[main] 2021-08-16 22:19:24 INFO  com.revature.Main  - Enter Player sports name
[main] 2021-08-16 22:19:28 INFO  com.revature.Main  - Enter Player contact
[main] 2021-08-16 22:19:34 INFO  com.revature.Main  - 1)India
[main] 2021-08-16 22:19:34 INFO  com.revature.Main  - 5)Windies
[main] 2021-08-16 22:19:34 INFO  com.revature.Main  - 6)RCB
[main] 2021-08-16 22:19:34 INFO  com.revature.Main  - 7)MI
[main] 2021-08-16 22:19:34 INFO  com.revature.Main  - 8)CSK
[main] 2021-08-16 22:19:34 INFO  com.revature.Main  - Enter Player team Id
